
Selecting FBConfig
GLX_FBCONFIG_ID=152
GLX_BUFFER_SIZE=32
GLX_DOUBLEBUFFER=1
GLX_RED_SIZE=8
GLX_GREEN_SIZE=8
GLX_BLUE_SIZE=8
GLX_ALPHA_SIZE=8
GLX_DEPTH_SIZE=24
GLX_STENCIL_SIZE=8
GLX_SAMPLES_ARB=0
GLX_SAMPLE_BUFFERS_ARB=0
GLX_STEREO=0
GLX_CONFIG_CAVEAT=NONE

Desktop is 3200 x 1800 @ 60 Hz
Initialize engine version: 5.3.4f1 (fdbb5133b820)
GfxDevice: creating device client; threaded=1
GLX Extensions: GLX_ARB_create_context GLX_ARB_create_context_profile GLX_ARB_create_context_robustness GLX_ARB_fbconfig_float GLX_ARB_framebuffer_sRGB GLX_ARB_get_proc_address GLX_ARB_multisample GLX_EXT_import_context GLX_EXT_visual_info GLX_EXT_visual_rating GLX_EXT_fbconfig_packed_float GLX_EXT_framebuffer_sRGB GLX_EXT_create_context_es2Setting breakpad minidump AppID = 310080
Steam_SetMinidumpSteamID:  Caching Steam ID:  76561198143587985 [API loaded no]
rer GLX_MESA_swap_control GLX_OML_swap_method GLX_OML_sync_control GLX_SGI_make_current_read GLX_SGI_swap_control GLX_SGI_video_sync GLX_SGIS_multisample GLX_SGIX_fbconfig GLX_SGIX_pbuffer GLX_SGIX_visual_select_group GLX_EXT_texture_from_pixmap GLX_INTEL_swap_event GLX_EXT_buffer_age 
Setting maxVSyncInterval to 4
Renderer: Mesa DRI Intel(R) Iris Graphics 540 (Skylake GT3e) 
Vendor:   Intel Open Source Technology Center
Version:  4.5 (Core Profile) Mesa 13.0.1
GLES:     0
 GL_3DFX_texture_compression_FXT1 GL_AMD_conservative_depth GL_AMD_draw_buffers_blend GL_AMD_seamless_cubemap_per_texture GL_AMD_shader_stencil_export GL_AMD_shader_trinary_minmax GL_AMD_vertex_shader_layer GL_AMD_vertex_shader_viewport_index GL_ANGLE_texture_compression_dxt3 GL_ANGLE_texture_compression_dxt5 GL_APPLE_object_purgeable GL_ARB_ES2_compatibility GL_ARB_ES3_1_compatibility GL_ARB_ES3_2_compatibility GL_ARB_ES3_compatibility GL_ARB_arrays_of_arrays GL_ARB_base_instance GL_ARB_blend_func_extended GL_ARB_buffer_storage GL_ARB_clear_buffer_object GL_ARB_clear_texture GL_ARB_clip_control GL_ARB_compressed_texture_pixel_storage GL_ARB_compute_shader GL_ARB_conditional_render_inverted GL_ARB_conservative_depth GL_ARB_copy_buffer GL_ARB_copy_image GL_ARB_cull_distance GL_ARB_debug_output GL_ARB_depth_buffer_float GL_ARB_depth_clamp GL_ARB_derivative_control GL_ARB_direct_state_access GL_ARB_draw_buffers GL_ARB_draw_buffers_blend GL_ARB_draw_elements_base_vertex GL_ARB_draw_indirect GL_ARB_draw_instanced
 GL_ARB_enhanced_layouts GL_ARB_explicit_attrib_location GL_ARB_explicit_uniform_location GL_ARB_fragment_coord_conventions GL_ARB_fragment_layer_viewport GL_ARB_fragment_shader GL_ARB_framebuffer_no_attachments GL_ARB_framebuffer_object GL_ARB_framebuffer_sRGB GL_ARB_get_program_binary GL_ARB_get_texture_sub_image GL_ARB_gpu_shader5 GL_ARB_gpu_shader_fp64 GL_ARB_half_float_pixel GL_ARB_half_float_vertex GL_ARB_instanced_arrays GL_ARB_internalformat_query GL_ARB_internalformat_query2 GL_ARB_invalidate_subdata GL_ARB_map_buffer_alignment GL_ARB_map_buffer_range GL_ARB_multi_bind GL_ARB_multi_draw_indirect GL_ARB_occlusion_query2 GL_ARB_pipeline_statistics_query GL_ARB_pixel_buffer_object GL_ARB_point_sprite GL_ARB_program_interface_query GL_ARB_provoking_vertex GL_ARB_query_buffer_object GL_ARB_robust_buffer_access_behavior GL_ARB_robustness GL_ARB_sample_shading GL_ARB_sampler_objects GL_ARB_seamless_cube_map GL_ARB_seamless_cubemap_per_texture GL_ARB_separate_shader_objects GL_ARB_shader_atomic_counter_ops 
GL_ARB_shader_atomic_counters GL_ARB_shader_bit_encoding GL_ARB_shader_clock GL_ARB_shader_draw_parameters GL_ARB_shader_image_load_store GL_ARB_shader_image_size GL_ARB_shader_objects GL_ARB_shader_precision GL_ARB_shader_stencil_export GL_ARB_shader_storage_buffer_object GL_ARB_shader_subroutine GL_ARB_shader_texture_image_samples GL_ARB_shader_texture_lod GL_ARB_shader_viewport_layer_array GL_ARB_shading_language_420pack GL_ARB_shading_language_packing GL_ARB_stencil_texturing GL_ARB_sync GL_ARB_tessellation_shader GL_ARB_texture_barrier GL_ARB_texture_buffer_object GL_ARB_texture_buffer_object_rgb32 GL_ARB_texture_buffer_range GL_ARB_texture_compression_bptc GL_ARB_texture_compression_rgtc GL_ARB_texture_cube_map_array GL_ARB_texture_float GL_ARB_texture_gather GL_ARB_texture_mirror_clamp_to_edge GL_ARB_texture_multisample GL_ARB_texture_non_power_of_two GL_ARB_texture_query_levels GL_ARB_texture_query_lod GL_ARB_texture_rectangle GL_ARB_texture_rg GL_ARB_texture_rgb10_a2ui GL_ARB_texture_stencil8 GL_ARB
_texture_storage GL_ARB_texture_storage_multisample GL_ARB_texture_swizzle GL_ARB_texture_view GL_ARB_timer_query GL_ARB_transform_feedback2 GL_ARB_transform_feedback3 GL_ARB_transform_feedback_instanced GL_ARB_uniform_buffer_object GL_ARB_vertex_array_bgra GL_ARB_vertex_array_object GL_ARB_vertex_attrib_64bit GL_ARB_vertex_attrib_binding GL_ARB_vertex_shader GL_ARB_vertex_type_10f_11f_11f_rev GL_ARB_vertex_type_2_10_10_10_rev GL_ARB_viewport_array GL_ATI_blend_equation_separate GL_ATI_texture_float GL_EXT_abgr GL_EXT_blend_equation_separate GL_EXT_draw_buffers2 GL_EXT_draw_instanced GL_EXT_framebuffer_blit GL_EXT_framebuffer_multisample GL_EXT_framebuffer_multisample_blit_scaled GL_EXT_framebuffer_sRGB GL_EXT_packed_depth_stencil GL_EXT_packed_float GL_EXT_pixel_buffer_object GL_EXT_polygon_offset_clamp GL_EXT_provoking_vertex GL_EXT_shader_integer_mix GL_EXT_shader_samples_identical GL_EXT_texture_array GL_EXT_texture_compression_dxt1 GL_EXT_texture_compression_rgtc GL_EXT_texture_compression_s3tc GL_EXT_t
exture_filter_anisotropic GL_EXT_texture_integer GL_EXT_texture_sRGB GL_EXT_texture_sRGB_decode GL_EXT_texture_shared_exponent GL_EXT_texture_snorm GL_EXT_texture_swizzle GL_EXT_timer_query GL_EXT_transform_feedback GL_EXT_vertex_array_bgra GL_IBM_multimode_draw_arrays GL_KHR_blend_equation_advanced GL_KHR_blend_equation_advanced_coherent GL_KHR_context_flush_control GL_KHR_debug GL_KHR_robust_buffer_access_behavior GL_KHR_robustness GL_KHR_texture_compression_astc_ldr GL_KHR_texture_compression_astc_sliced_3d GL_MESA_pack_invert GL_MESA_shader_integer_functions GL_MESA_texture_signed_rgba GL_NV_conditional_render GL_NV_depth_clamp GL_NV_packed_depth_stencil GL_NV_texture_barrier GL_OES_EGL_image GL_OES_read_format GL_S3_s3tc
OPENGL LOG: Creating OpenGL 4.5 graphics device
AudioManager: Using PulseAudio: Default Output Device
Begin MonoManager ReloadAssembly
Platform assembly: /home/pen/.local/share/Steam/steamapps/common/Hatoful Boyfriend/hatoful_Data/Managed/UnityEngine.dll (this message is harmless)
Loading /home/pen/.local/share/Steam/steamapps/common/Hatoful Boyfriend/hatoful_Data/Managed/UnityEngine.dll into Unity Child Domain
Platform assembly: /home/pen/.local/share/Steam/steamapps/common/Hatoful Boyfriend/hatoful_Data/Managed/Assembly-CSharp-firstpass.dll (this message is harmless)
Loading /home/pen/.local/share/Steam/steamapps/common/Hatoful Boyfriend/hatoful_Data/Managed/Assembly-CSharp-firstpass.dll into Unity Child Domain
Platform assembly: /home/pen/.local/share/Steam/steamapps/common/Hatoful Boyfriend/hatoful_Data/Managed/Assembly-CSharp.dll (this message is harmless)
Loading /home/pen/.local/share/Steam/steamapps/common/Hatoful Boyfriend/hatoful_Data/Managed/Assembly-CSharp.dll into Unity Child Domain
Platform assembly: /home/pen/.local/share/Steam/steamapps/common/Hatoful Boyfriend/hatoful_Data/Managed/Assembly-UnityScript.dll (this message is harmless)
Loading /home/pen/.local/share/Steam/steamapps/common/Hatoful Boyfriend/hatoful_Data/Managed/Assembly-UnityScript.dll into Unity Child Domain
Platform assembly: /home/pen/.local/share/Steam/steamapps/common/Hatoful Boyfriend/hatoful_Data/Managed/UnityEngine.UI.dll (this message is harmless)
Loading /home/pen/.local/share/Steam/steamapps/common/Hatoful Boyfriend/hatoful_Data/Managed/UnityEngine.UI.dll into Unity Child Domain
Platform assembly: /home/pen/.local/share/Steam/steamapps/common/Hatoful Boyfriend/hatoful_Data/Managed/UnityEngine.Networking.dll (this message is harmless)
Loading /home/pen/.local/share/Steam/steamapps/common/Hatoful Boyfriend/hatoful_Data/Managed/UnityEngine.Networking.dll into Unity Child Domain
- Completed reload, in  0.112 seconds
Platform assembly: /home/pen/.local/share/Steam/steamapps/common/Hatoful Boyfriend/hatoful_Data/Managed/System.Core.dll (this message is harmless)
Platform assembly: /home/pen/.local/share/Steam/steamapps/common/Hatoful Boyfriend/hatoful_Data/Managed/System.dll (this message is harmless)
Default vsync count 0
requesting resize 1920 x 1080
requesting fullscreen 1920 x 1080 at 0 Hz
Desktop is 3200 x 1800 @ 60 Hz
Using libudev for joystick management


Importing game controller configs
UnloadTime: 1.888000 ms
Changing real window size to 1641 x 1772
Setting up downscaled viewport at 1920 x 1080
Changing real window size to 1641 x 1772
Changing real window size to 1641 x 1772
Changing real window size to 3200 x 1800
Setting up downscaled viewport at 1920 x 1080
Changing real window size to 3200 x 1800
Changing real window size to 3200 x 1800
chanig hold time
 
(Filename: /home/builduser/buildslave/unity/build/artifacts/generated/common/runtime/UnityEngineDebugBindings.gen.cpp Line: 37)

chanig hold time
 
(Filename: /home/builduser/buildslave/unity/build/artifacts/generated/common/runtime/UnityEngineDebugBindings.gen.cpp Line: 37)

chanig hold time
 
(Filename: /home/builduser/buildslave/unity/build/artifacts/generated/common/runtime/UnityEngineDebugBindings.gen.cpp Line: 37)

The referenced script on this Behaviour (Game Object 'Items') is missing!
 
(Filename:  Line: 1655)

Unloading 6 Unused Serialized files (Serialized files now loaded: 0)
UnloadTime: 0.563000 ms
Can't use AnimationClip::SetCurve at Runtime on non Legacy AnimationClips
 
(Filename:  Line: 1031)

Can't use AnimationClip::SetCurve at Runtime on non Legacy AnimationClips
 
(Filename:  Line: 1031)

Can't use AnimationClip::SetCurve at Runtime on non Legacy AnimationClips
 
(Filename:  Line: 1031)

The AnimationClip '' used by the Animation component 'SelectionButton_1' must be marked as Legacy.
 
(Filename:  Line: 1971)

The animation state SelectionButton_1 could not be played because it couldn't be found!
Please attach an animation clip with the name 'SelectionButton_1' or call this function only for existing animations.
 
(Filename:  Line: 422)

DontDestroyOnLoad only work for root GameObjects or components on root GameObjects.
 
(Filename:  Line: 374)

DontDestroyOnLoad only work for root GameObjects or components on root GameObjects.
 
(Filename:  Line: 374)


Unloading 16 unused Assets to reduce memory usage. Loaded Objects now: 2238.
Total: 2.388000 ms (FindLiveObjects: 0.237000 ms CreateObjectMapping: 0.047000 ms MarkObjects: 2.020000 ms  DeleteObjects: 0.082000 ms)

Unloading 5 Unused Serialized files (Serialized files now loaded: 0)
UnloadTime: 1.294000 ms
DontDestroyOnLoad only work for root GameObjects or components on root GameObjects.
 
(Filename:  Line: 374)

DontDestroyOnLoad only work for root GameObjects or components on root GameObjects.
 
(Filename:  Line: 374)


Unloading 64 unused Assets to reduce memory usage. Loaded Objects now: 2538.
Total: 1.694000 ms (FindLiveObjects: 0.161000 ms CreateObjectMapping: 0.026000 ms MarkObjects: 1.382000 ms  DeleteObjects: 0.124000 ms)

DontDestroyOnLoad only work for root GameObjects or components on root GameObjects.
 
(Filename:  Line: 374)

DontDestroyOnLoad only work for root GameObjects or components on root GameObjects.
 
(Filename:  Line: 374)

The referenced script on this Behaviour (Game Object 'Items') is missing!
 
(Filename:  Line: 1655)

Unloading 4 Unused Serialized files (Serialized files now loaded: 0)
UnloadTime: 6.655000 ms
Can't use AnimationClip::SetCurve at Runtime on non Legacy AnimationClips
 
(Filename:  Line: 1031)

Can't use AnimationClip::SetCurve at Runtime on non Legacy AnimationClips
 
(Filename:  Line: 1031)

Can't use AnimationClip::SetCurve at Runtime on non Legacy AnimationClips
 
(Filename:  Line: 1031)

The AnimationClip '' used by the Animation component 'SelectionButton_1' must be marked as Legacy.
 
(Filename:  Line: 1971)

The animation state SelectionButton_1 could not be played because it couldn't be found!
Please attach an animation clip with the name 'SelectionButton_1' or call this function only for existing animations.
 
(Filename:  Line: 422)

DontDestroyOnLoad only work for root GameObjects or components on root GameObjects.
 
(Filename:  Line: 374)

Destroying dublicate GA_SystemTracker - only one is allowed per scene!
 
(Filename: /home/builduser/buildslave/unity/build/artifacts/generated/common/runtime/UnityEngineDebugBindings.gen.cpp Line: 37)

DontDestroyOnLoad only work for root GameObjects or components on root GameObjects.
 
(Filename:  Line: 374)


Unloading 86 unused Assets to reduce memory usage. Loaded Objects now: 2193.
Total: 3.565000 ms (FindLiveObjects: 0.323000 ms CreateObjectMapping: 0.067000 ms MarkObjects: 2.871000 ms  DeleteObjects: 0.303000 ms)

Unloading 5 Unused Serialized files (Serialized files now loaded: 0)
UnloadTime: 1.341000 ms
DontDestroyOnLoad only work for root GameObjects or components on root GameObjects.
 
(Filename:  Line: 374)

DontDestroyOnLoad only work for root GameObjects or components on root GameObjects.
 
(Filename:  Line: 374)


Unloading 63 unused Assets to reduce memory usage. Loaded Objects now: 2551.
Total: 1.855000 ms (FindLiveObjects: 0.222000 ms CreateObjectMapping: 0.032000 ms MarkObjects: 1.439000 ms  DeleteObjects: 0.161000 ms)

DontDestroyOnLoad only work for root GameObjects or components on root GameObjects.
 
(Filename:  Line: 374)

DontDestroyOnLoad only work for root GameObjects or components on root GameObjects.
 
(Filename:  Line: 374)

Platform assembly: /home/pen/.local/share/Steam/steamapps/common/Hatoful Boyfriend/hatoful_Data/Managed/System.Xml.dll (this message is harmless)
