VirtualBox GUI VM Selector Window 5.1.8 r111374 linux.amd64 (Oct 19 2016 06:40:29) release log
00:00:00.396335 Log opened 2016-11-14T22:26:25.418597000Z
00:00:00.396336 Build Type: release
00:00:00.396338 OS Product: Linux
00:00:00.396339 OS Release: 4.8.7-1-ARCH
00:00:00.396339 OS Version: #1 SMP PREEMPT Thu Nov 10 17:22:48 CET 2016
00:00:00.396354 DMI Product Name: XPS 13 9350
00:00:00.396358 DMI Product Version: 
00:00:00.396387 Host RAM: 7835MB (7.6GB) total, 6971MB (6.8GB) available
00:00:00.396390 Executable: /usr/lib/virtualbox/VirtualBox
00:00:00.396390 Process ID: 1299
00:00:00.396391 Package type: LINUX_64BITS_GENERIC (OSE)
00:00:00.396407 Qt version: 5.7.0
00:00:00.426722 GUI: UIMediumEnumerator: Medium-enumeration started...
00:00:00.535973 Failed to open "/dev/vboxdrv", errno=13, rc=VERR_VM_DRIVER_NOT_ACCESSIBLE
00:00:00.536203 GUI: UIMediumEnumerator: Medium-enumeration finished!
00:07:00.859366 GUI: UIMediumEnumerator: Medium-enumeration started...
00:07:00.996387 GUI: UIMediumEnumerator: Medium-enumeration finished!
00:07:25.219783 GUI: UIMediumEnumerator: Medium-enumeration finished!
00:08:09.274963 GUI: UIMediumEnumerator: Medium-enumeration finished!
00:08:43.594806 GUI: UIMediumEnumerator: Medium-enumeration finished!
00:10:21.335097 GUI: UIMediumEnumerator: Medium-enumeration started...
00:10:21.468499 GUI: UIMediumEnumerator: Medium-enumeration finished!
00:11:03.953799 GUI: UIMediumEnumerator: Medium-enumeration finished!
00:11:23.138887 ERROR [COM]: aRC=NS_ERROR_UNEXPECTED (0x8000ffff) aIID={7844aa05-b02e-4cdd-a04f-ade4a762e6b7} aComponent={SessionWrap} aText={The session is not locked (session state: Unlocked)}, preserve=false aResultDetail=0
00:12:22.239538 GUI: UIMediumEnumerator: Medium-enumeration started...
00:12:22.363256 GUI: UIMediumEnumerator: Medium-enumeration finished!
00:12:47.522901 GUI: UIMediumEnumerator: Medium-enumeration finished!
00:13:05.037920 ERROR [COM]: aRC=NS_ERROR_UNEXPECTED (0x8000ffff) aIID={7844aa05-b02e-4cdd-a04f-ade4a762e6b7} aComponent={SessionWrap} aText={The session is not locked (session state: Unlocked)}, preserve=false aResultDetail=0
00:15:42.645820 GUI: UIMediumEnumerator: Medium-enumeration finished!
00:35:09.697969 GUI: UIMediumEnumerator: Medium-enumeration finished!
